<?xml version="1.0" encoding="UTF-8"?>
<!-- Generated by org.testng.reporters.JUnitReportReporter -->
<testsuite hostname="OROGRANDECREEK" failures="0" tests="3" name="com.selenium.grid.OpenSeleniumGrid" time="5.992" errors="0" timestamp="2022-02-08T14:49:43 PST" skipped="0">
  <testcase classname="com.selenium.grid.OpenSeleniumGrid" name="enterPhoneNumber" time="2.128"/>
  <system-out/>
  <testcase classname="com.selenium.grid.OpenSeleniumGrid" name="clickOnCityName" time="3.745"/>
  <system-out/>
  <testcase classname="com.selenium.grid.OpenSeleniumGrid" name="clickOnSignIn" time="0.119"/>
  <system-out/>
</testsuite> <!-- com.selenium.grid.OpenSeleniumGrid -->
