<?xml version="1.0" encoding="UTF-8"?>
<!-- Generated by org.testng.reporters.JUnitReportReporter -->
<testsuite hostname="OROGRANDECREEK" failures="0" tests="3" name="selenium.grid.firefox.OpenSeleniumGrid_firefox" time="6.363" errors="0" timestamp="2022-02-08T14:57:37 PST" skipped="0">
  <testcase classname="selenium.grid.firefox.OpenSeleniumGrid_firefox" name="clickOnSignIn" time="0.283"/>
  <system-out/>
  <testcase classname="selenium.grid.firefox.OpenSeleniumGrid_firefox" name="enterPhoneNumber" time="2.089"/>
  <system-out/>
  <testcase classname="selenium.grid.firefox.OpenSeleniumGrid_firefox" name="clickOnCityName" time="3.991"/>
  <system-out/>
</testsuite> <!-- selenium.grid.firefox.OpenSeleniumGrid_firefox -->
